<?xml version="1.0" encoding="UTF-8"?>
<!-- Generated by org.testng.reporters.JUnitXMLReporter -->
<testsuite ignored="0" hostname="DESKTOP-CHV52S0" failures="0" tests="23" name="Differenet Feature tesing feautre test" time="23.449" errors="0" timestamp="2019-11-25T16:33:52 CST">
  <testcase classname="NaveenAutomationTestNG.ExceptionTimeOutTest" name="test1" time="0.005"/>
  <testcase classname="NaveenAutomationTestNG.InvocationCountTest" name="sum" time="0.001"/>
  <testcase classname="NaveenAutomationTestNG.InvocationCountTest" name="sum" time="0.001"/>
  <testcase classname="NaveenAutomationTestNG.InvocationCountTest" name="sum" time="0.001"/>
  <testcase classname="NaveenAutomationTestNG.InvocationCountTest" name="sum" time="0.001"/>
  <testcase classname="NaveenAutomationTestNG.InvocationCountTest" name="sum" time="0.001"/>
  <testcase classname="NaveenAutomationTestNG.InvocationCountTest" name="sum" time="0.0"/>
  <testcase classname="NaveenAutomationTestNG.InvocationCountTest" name="sum" time="0.001"/>
  <testcase classname="NaveenAutomationTestNG.InvocationCountTest" name="sum" time="0.001"/>
  <testcase classname="NaveenAutomationTestNG.InvocationCountTest" name="sum" time="0.001"/>
  <testcase classname="NaveenAutomationTestNG.InvocationCountTest" name="sum" time="0.001"/>
  <testcase classname="NaveenAutomationTestNG.TestNGBasicFirstTutorial" name="googleLogo" time="0.001"/>
  <testcase classname="NaveenAutomationTestNG.TestNGBasicFirstTutorial" name="googleTitleTest" time="0.001"/>
  <testcase classname="NaveenAutomationTestNG.TestNGBasicFirstTutorial" name="searchTest" time="0.001"/>
  <testcase classname="NaveenAutomationTestNG.TestNgFeatures" name="loginTest" time="0.001"/>
  <testcase classname="NaveenAutomationTestNG.TestNgFeatures" name="HomePageTest" time="0.001"/>
  <testcase classname="NaveenAutomationTestNG.TestNgFeatures" name="RegPageTest" time="0.001"/>
  <testcase classname="NaveenAutomationTestNG.TestNgFeatures" name="SearchPageTest" time="0.0"/>
  <testcase classname="NaveenAutomationTestNG.TestNGFrameworkGoogle" name="googleMailTest" time="0.643"/>
  <testcase classname="NaveenAutomationTestNG.TestNGFrameworkGoogle" name="googleTitleTest" time="0.013"/>
  <testcase classname="NaveenAutomationTestNG.TestNGFrameworkGoogle" name="googleLogo" time="0.056"/>
  <testcase classname="NaveenAutomationTestNG.TestNGFrameworkGoogle" name="testCheck1" time="0.001"/>
  <testcase classname="NaveenAutomationTestNG.TestNGFrameworkGoogle" name="testCheck2" time="0.001"/>
</testsuite> <!-- Differenet Feature tesing feautre test -->
